
===
log-cc_owcpu050_dr0.0_tn1.3_ts42_if1.0_md5fa9.yaml-sc_Random1000_deshare_gsrandom_mdf81a.yaml.log
462; <CPU:   3.15, GPU: 1 x {810 }m ()>
347; <CPU:  11.30, GPU: 1 x {1000}m ()>
240; <CPU:  11.40, GPU: 1 x {1000}m ()>
210; <CPU:   3.15, GPU: 1 x {1000}m ()>
142; <CPU:  12.00, GPU: 1 x {1000}m ()>
116; <CPU:  18.71, GPU: 1 x {1000}m ()>
97; <CPU:  11.91, GPU: 1 x {470 }m ()>
85; <CPU:   9.81, GPU: 1 x {1000}m ()>
81; <CPU:  11.91, GPU: 1 x {650 }m ()>
75; <CPU:   8.00, GPU: 1 x {470 }m ()>
72; <CPU:  15.70, GPU: 1 x {1000}m ()>
67; <CPU:   4.00, GPU: 1 x {1000}m ()>
64; <CPU:   8.00, GPU: 1 x {1000}m ()>
55; <CPU:  16.00, GPU: 1 x {1000}m ()>
54; <CPU:  11.91, GPU: 1 x {1000}m ()>
38; <CPU:  14.20, GPU: 1 x {1000}m ()>
24; <CPU:   4.15, GPU: 1 x {550 }m ()>
23; <CPU:  24.20, GPU: 1 x {1000}m ()>
21; <CPU:  11.90, GPU: 1 x {1000}m ()>
18; <CPU:   3.15, GPU: 1 x {590 }m ()>
17; <CPU:   6.00, GPU: 1 x {460 }m ()>
13; <CPU:   8.20, GPU: 1 x {1000}m ()>
13; <CPU:  15.20, GPU: 1 x {1000}m ()>
13; <CPU:  16.40, GPU: 1 x {1000}m ()>
12; <CPU:  88.00, GPU: 8 x {1000}m ()>
11; <CPU:   4.15, GPU: 1 x {810 }m ()>
 8; <CPU:  64.20, GPU: 8 x {1000}m ()>
 5; <CPU:   9.40, GPU: 1 x {1000}m ()>
 5; <CPU:  32.20, GPU: 4 x {1000}m ()>
 4; <CPU: 120.20, GPU: 8 x {1000}m ()>
 4; <CPU:  15.40, GPU: 1 x {1000}m ()>
 4; <CPU:   6.00, GPU: 1 x {1000}m ()>
 4; <CPU:   7.00, GPU: 1 x {1000}m ()>
 4; <CPU:   8.00, GPU: 1 x {650 }m ()>
 2; <CPU: 120.00, GPU: 8 x {1000}m ()>
 2; <CPU:  14.90, GPU: 1 x {1000}m ()>
 2; <CPU:  16.20, GPU: 2 x {1000}m ()>
 2; <CPU:  32.00, GPU: 4 x {1000}m ()>
 2; <CPU:   8.00, GPU: 1 x {460 }m ()>
 1; <CPU:  64.00, GPU: 8 x {1000}m ()>
 1; <CPU:  12.00, GPU: 1 x {460 }m ()>
 1; <CPU:   6.00, GPU: 2 x {1000}m ()>
 1; <CPU:  30.20, GPU: 2 x {1000}m ()>
 1; <CPU:  11.80, GPU: 1 x {1000}m ()>
 1; <CPU:   4.00, GPU: 1 x {480 }m ()>
Failed No.: 2424
