
===
log-cc_owgpushare100_dr0.0_tn1.3_ts43_if1.0_md9de0.yaml-sc_FGD1000_deshare_gsFGDScore_mdaf9c.yaml.log
1619; <CPU:   3.15, GPU: 1 x {810 }m ()>
629; <CPU:  11.91, GPU: 1 x {470 }m ()>
542; <CPU:   8.00, GPU: 1 x {470 }m ()>
400; <CPU:  11.91, GPU: 1 x {650 }m ()>
386; <CPU:   4.00, GPU: 1 x {320 }m ()>
215; <CPU:   4.00, GPU: 1 x {230 }m ()>
200; <CPU:   6.00, GPU: 1 x {460 }m ()>
125; <CPU:   8.00, GPU: 1 x {320 }m ()>
112; <CPU:   3.15, GPU: 1 x {590 }m ()>
94; <CPU:   4.15, GPU: 1 x {550 }m ()>
75; <CPU:   4.15, GPU: 1 x {370 }m ()>
63; <CPU:   4.00, GPU: 1 x {220 }m ()>
39; <CPU:   1.00, GPU: 1 x {320 }m ()>
34; <CPU:   4.15, GPU: 1 x {810 }m ()>
32; <CPU:   8.00, GPU: 1 x {230 }m ()>
30; <CPU:   4.00, GPU: 1 x {480 }m ()>
29; <CPU:   8.00, GPU: 1 x {220 }m ()>
16; <CPU:   4.00, GPU: 1 x {350 }m ()>
16; <CPU:   8.00, GPU: 1 x {650 }m ()>
13; <CPU:  12.00, GPU: 1 x {460 }m ()>
 9; <CPU:   4.00, GPU: 1 x {330 }m ()>
 7; <CPU:   4.00, GPU: 1 x {470 }m ()>
 6; <CPU:   4.15, GPU: 1 x {270 }m ()>
 4; <CPU:   6.00, GPU: 1 x {320 }m ()>
 3; <CPU:   8.00, GPU: 1 x {440 }m ()>
 2; <CPU:   1.00, GPU: 1 x {650 }m ()>
 2; <CPU:   1.00, GPU: 1 x {290 }m ()>
 2; <CPU:   4.00, GPU: 1 x {650 }m ()>
 1; <CPU:   8.00, GPU: 1 x {480 }m ()>
Failed No.: 4705
