
===
log-cc_owgpushare40_dr0.0_tn1.3_ts42_if1.0_mdd31e.yaml-sc_Random1000_deshare_gsrandom_mdf81a.yaml.log
621; <CPU:   3.15, GPU: 1 x {810 }m ()>
342; <CPU:  11.30, GPU: 1 x {1000}m ()>
236; <CPU:  11.40, GPU: 1 x {1000}m ()>
183; <CPU:   3.15, GPU: 1 x {1000}m ()>
180; <CPU:  11.91, GPU: 1 x {470 }m ()>
172; <CPU:   8.00, GPU: 1 x {470 }m ()>
160; <CPU:  12.00, GPU: 1 x {1000}m ()>
153; <CPU:  11.91, GPU: 1 x {650 }m ()>
104; <CPU:  18.71, GPU: 1 x {1000}m ()>
80; <CPU:   9.81, GPU: 1 x {1000}m ()>
75; <CPU:  11.91, GPU: 1 x {1000}m ()>
72; <CPU:  15.70, GPU: 1 x {1000}m ()>
64; <CPU:   6.00, GPU: 1 x {460 }m ()>
61; <CPU:   4.00, GPU: 1 x {1000}m ()>
52; <CPU:  16.00, GPU: 1 x {1000}m ()>
49; <CPU:   8.00, GPU: 1 x {1000}m ()>
46; <CPU:   3.15, GPU: 1 x {590 }m ()>
36; <CPU:  14.20, GPU: 1 x {1000}m ()>
36; <CPU:   4.00, GPU: 1 x {320 }m ()>
33; <CPU:   4.15, GPU: 1 x {550 }m ()>
30; <CPU:  24.20, GPU: 1 x {1000}m ()>
22; <CPU:  15.20, GPU: 1 x {1000}m ()>
21; <CPU:  11.90, GPU: 1 x {1000}m ()>
19; <CPU:   4.15, GPU: 1 x {810 }m ()>
15; <CPU:   8.20, GPU: 1 x {1000}m ()>
13; <CPU:  64.20, GPU: 8 x {1000}m ()>
13; <CPU:  16.40, GPU: 1 x {1000}m ()>
11; <CPU:   8.00, GPU: 1 x {320 }m ()>
 8; <CPU:  88.00, GPU: 8 x {1000}m ()>
 6; <CPU:  32.20, GPU: 4 x {1000}m ()>
 6; <CPU:   4.00, GPU: 1 x {480 }m ()>
 5; <CPU:  12.00, GPU: 1 x {460 }m ()>
 5; <CPU:   4.00, GPU: 1 x {230 }m ()>
 4; <CPU:  16.20, GPU: 2 x {1000}m ()>
 4; <CPU:   4.00, GPU: 1 x {350 }m ()>
 3; <CPU: 120.00, GPU: 8 x {1000}m ()>
 3; <CPU:   9.40, GPU: 1 x {1000}m ()>
 3; <CPU:  14.90, GPU: 1 x {1000}m ()>
 3; <CPU:   8.00, GPU: 1 x {650 }m ()>
 3; <CPU:  15.40, GPU: 1 x {1000}m ()>
 3; <CPU:   4.15, GPU: 1 x {370 }m ()>
 2; <CPU: 120.20, GPU: 8 x {1000}m ()>
 2; <CPU:   7.00, GPU: 1 x {1000}m ()>
 2; <CPU:  64.00, GPU: 8 x {1000}m ()>
 2; <CPU:   6.00, GPU: 1 x {1000}m ()>
 2; <CPU:   6.00, GPU: 1 x {320 }m ()>
 1; <CPU:  60.20, GPU: 4 x {1000}m ()>
 1; <CPU:  30.20, GPU: 2 x {1000}m ()>
 1; <CPU:  17.40, GPU: 2 x {1000}m ()>
 1; <CPU:  15.90, GPU: 1 x {1000}m ()>
 1; <CPU:   4.00, GPU: 1 x {650 }m ()>
 1; <CPU:   4.00, GPU: 1 x {470 }m ()>
 1; <CPU:  14.00, GPU: 1 x {1000}m ()>
 1; <CPU:   8.00, GPU: 1 x {230 }m ()>
Failed No.: 2973
