
===
log-cc_owdefault_dr0.0_tn1.3_ts43_if1.0_mde021.yaml-sc_GpuPacking1000_deshare_gsbest_md3402.yaml.log
404; <CPU:   3.15, GPU: 1 x {810 }m ()>
332; <CPU:  11.30, GPU: 1 x {1000}m ()>
247; <CPU:  11.40, GPU: 1 x {1000}m ()>
184; <CPU:   3.15, GPU: 1 x {1000}m ()>
173; <CPU:   8.00, GPU: 1 x {470 }m ()>
131; <CPU:  11.91, GPU: 1 x {470 }m ()>
109; <CPU:  12.00, GPU: 1 x {1000}m ()>
104; <CPU:  18.71, GPU: 1 x {1000}m ()>
91; <CPU:   4.00, GPU: 1 x {320 }m ()>
85; <CPU:  11.91, GPU: 1 x {650 }m ()>
71; <CPU:   4.00, GPU: 1 x {1000}m ()>
70; <CPU:  16.00, GPU: 1 x {1000}m ()>
69; <CPU:  15.70, GPU: 1 x {1000}m ()>
64; <CPU:   9.81, GPU: 1 x {1000}m ()>
63; <CPU:   8.00, GPU: 1 x {1000}m ()>
52; <CPU:   6.00, GPU: 1 x {460 }m ()>
49; <CPU:  11.91, GPU: 1 x {1000}m ()>
46; <CPU:   4.00, GPU: 1 x {230 }m ()>
32; <CPU:  14.20, GPU: 1 x {1000}m ()>
29; <CPU:  24.20, GPU: 1 x {1000}m ()>
29; <CPU:   4.15, GPU: 1 x {550 }m ()>
29; <CPU:   3.15, GPU: 1 x {590 }m ()>
26; <CPU:   8.00, GPU: 1 x {320 }m ()>
19; <CPU:  11.90, GPU: 1 x {1000}m ()>
17; <CPU:   8.20, GPU: 1 x {1000}m ()>
17; <CPU:   4.15, GPU: 1 x {810 }m ()>
17; <CPU:   4.00, GPU: 1 x {220 }m ()>
14; <CPU:  15.20, GPU: 1 x {1000}m ()>
13; <CPU:  64.20, GPU: 8 x {1000}m ()>
12; <CPU:   4.15, GPU: 1 x {370 }m ()>
 8; <CPU:   4.00, GPU: 1 x {480 }m ()>
 6; <CPU:   8.00, GPU: 1 x {650 }m ()>
 6; <CPU:  16.40, GPU: 1 x {1000}m ()>
 4; <CPU:  12.00, GPU: 1 x {460 }m ()>
 4; <CPU:   8.00, GPU: 1 x {230 }m ()>
 4; <CPU:  88.00, GPU: 8 x {1000}m ()>
 4; <CPU:   8.00, GPU: 1 x {220 }m ()>
 4; <CPU:   7.00, GPU: 1 x {1000}m ()>
 4; <CPU: 120.20, GPU: 8 x {1000}m ()>
 4; <CPU:   6.00, GPU: 1 x {1000}m ()>
 3; <CPU:   4.00, GPU: 1 x {330 }m ()>
 2; <CPU:  14.90, GPU: 1 x {1000}m ()>
 2; <CPU:   4.15, GPU: 1 x {270 }m ()>
 2; <CPU:   8.00, GPU: 1 x {440 }m ()>
 2; <CPU:   4.00, GPU: 1 x {350 }m ()>
 2; <CPU:  60.20, GPU: 4 x {1000}m ()>
 1; <CPU:   4.00, GPU: 1 x {650 }m ()>
 1; <CPU:  15.90, GPU: 1 x {1000}m ()>
 1; <CPU:  64.00, GPU: 8 x {1000}m ()>
 1; <CPU:  30.20, GPU: 2 x {1000}m ()>
 1; <CPU:  15.40, GPU: 1 x {1000}m ()>
 1; <CPU:  16.20, GPU: 2 x {1000}m ()>
 1; <CPU:   8.00, GPU: 1 x {480 }m ()>
 1; <CPU:   8.00, GPU: 1 x {460 }m ()>
 1; <CPU:  32.20, GPU: 4 x {1000}m ()>
 1; <CPU:  32.00, GPU: 4 x {1000}m ()>
 1; <CPU:   9.40, GPU: 1 x {1000}m ()>
Failed No.: 2670
