
===
log-cc_owgpuspec10_dr0.0_tn1.3_ts42_if1.0_mde750.yaml-sc_Random1000_deshare_gsrandom_md3c66.yaml.log
393; <CPU:   3.15, GPU: 1 x {810 }m ()>
336; <CPU:  11.30, GPU: 1 x {1000}m ()>
241; <CPU:  11.40, GPU: 1 x {1000}m ()>
167; <CPU:   3.15, GPU: 1 x {1000}m ()>
121; <CPU:  12.00, GPU: 1 x {1000}m ()>
116; <CPU:  11.91, GPU: 1 x {470 }m ()>
100; <CPU:  18.71, GPU: 1 x {1000}m ()>
98; <CPU:   8.00, GPU: 1 x {470 }m ()>
78; <CPU:   9.81, GPU: 1 x {1000}m ()>
69; <CPU:  11.91, GPU: 1 x {650 }m ()>
68; <CPU:  15.70, GPU: 1 x {1000}m ()>
62; <CPU:  11.91, GPU: 1 x {1000}m ()>
62; <CPU:   8.00, GPU: 1 x {1000}m ()>
58; <CPU:   4.00, GPU: 1 x {1000}m ()>
48; <CPU:  16.00, GPU: 1 x {1000}m ()>
38; <CPU:  14.20, GPU: 1 x {1000}m ()>
30; <CPU:   3.15, GPU: 1 x {810 }m (T4)>
30; <CPU:  24.20, GPU: 1 x {1000}m ()>
29; <CPU:  11.30, GPU: 1 x {1000}m (T4)>
25; <CPU:   3.15, GPU: 1 x {810 }m (P100)>
22; <CPU:   3.15, GPU: 1 x {1000}m (T4)>
22; <CPU:   4.00, GPU: 1 x {320 }m ()>
20; <CPU:  11.90, GPU: 1 x {1000}m ()>
18; <CPU:   6.00, GPU: 1 x {460 }m ()>
17; <CPU:  18.71, GPU: 1 x {1000}m (T4)>
14; <CPU:  88.00, GPU: 8 x {1000}m ()>
14; <CPU:  12.00, GPU: 1 x {1000}m (T4)>
14; <CPU:  11.91, GPU: 1 x {650 }m (P100)>
14; <CPU:  11.40, GPU: 1 x {1000}m (T4)>
14; <CPU:  15.20, GPU: 1 x {1000}m ()>
13; <CPU:  11.30, GPU: 1 x {1000}m (G2)>
12; <CPU:  64.20, GPU: 8 x {1000}m ()>
12; <CPU:   3.15, GPU: 1 x {1000}m (G2)>
12; <CPU:   4.15, GPU: 1 x {810 }m ()>
11; <CPU:   4.00, GPU: 1 x {1000}m (T4)>
11; <CPU:   4.15, GPU: 1 x {550 }m ()>
10; <CPU:  11.91, GPU: 1 x {650 }m (T4)>
10; <CPU:  16.40, GPU: 1 x {1000}m ()>
 8; <CPU:  11.91, GPU: 1 x {1000}m (T4)>
 8; <CPU:  11.30, GPU: 1 x {1000}m (V100M16|V100M32)>
 8; <CPU:   8.20, GPU: 1 x {1000}m ()>
 8; <CPU:   8.00, GPU: 1 x {650 }m ()>
 7; <CPU:  16.00, GPU: 1 x {1000}m (T4)>
 7; <CPU:  18.71, GPU: 1 x {1000}m (G2)>
 6; <CPU:  15.70, GPU: 1 x {1000}m (T4)>
 6; <CPU:   9.81, GPU: 1 x {1000}m (T4)>
 6; <CPU:  11.40, GPU: 1 x {1000}m (G2)>
 6; <CPU:  14.90, GPU: 1 x {1000}m ()>
 6; <CPU:   3.15, GPU: 1 x {590 }m ()>
 6; <CPU:   8.00, GPU: 1 x {320 }m ()>
 5; <CPU:   8.00, GPU: 1 x {470 }m (P100)>
 5; <CPU:   8.00, GPU: 1 x {1000}m (T4)>
 5; <CPU:  11.40, GPU: 1 x {1000}m (V100M16|V100M32)>
 5; <CPU:   6.00, GPU: 1 x {460 }m (T4)>
 5; <CPU:   8.00, GPU: 1 x {470 }m (T4)>
 4; <CPU:  15.70, GPU: 1 x {1000}m (A10|G2|T4|V100M16|V100M32)>
 4; <CPU:   4.15, GPU: 1 x {550 }m (T4)>
 4; <CPU:  11.91, GPU: 1 x {470 }m (P100)>
 4; <CPU:   3.15, GPU: 1 x {1000}m (V100M16|V100M32)>
 4; <CPU:   3.15, GPU: 1 x {590 }m (T4)>
 4; <CPU:   8.00, GPU: 1 x {1000}m (G2)>
 4; <CPU:   4.15, GPU: 1 x {370 }m ()>
 3; <CPU:  15.20, GPU: 1 x {1000}m (T4)>
 3; <CPU:  24.20, GPU: 1 x {1000}m (T4)>
 3; <CPU:  11.40, GPU: 1 x {1000}m (P100)>
 3; <CPU:  14.20, GPU: 1 x {1000}m (T4)>
 3; <CPU:  12.00, GPU: 1 x {1000}m (G2)>
 3; <CPU:   4.15, GPU: 1 x {810 }m (P100)>
 3; <CPU:  12.00, GPU: 1 x {1000}m (V100M16|V100M32)>
 3; <CPU:   6.00, GPU: 1 x {1000}m ()>
 3; <CPU:  24.20, GPU: 1 x {1000}m (G3)>
 3; <CPU:  11.91, GPU: 1 x {470 }m (T4)>
 3; <CPU:   9.40, GPU: 1 x {1000}m ()>
 3; <CPU:  18.71, GPU: 1 x {1000}m (V100M16)>
 3; <CPU:  11.30, GPU: 1 x {1000}m (P100|V100M16|V100M32)>
 3; <CPU:   4.00, GPU: 1 x {320 }m (T4)>
 2; <CPU: 120.00, GPU: 8 x {1000}m (G2)>
 2; <CPU:  18.71, GPU: 1 x {1000}m (A10|G2|P100|T4|V100M16|V100M32|V100M32)>
 2; <CPU:  16.00, GPU: 1 x {1000}m (G2)>
 2; <CPU:  15.70, GPU: 1 x {1000}m (V100M16|V100M32)>
 2; <CPU:  11.90, GPU: 1 x {1000}m (T4)>
 2; <CPU:  15.70, GPU: 1 x {1000}m (G2)>
 2; <CPU:  16.20, GPU: 2 x {1000}m ()>
 2; <CPU:  12.00, GPU: 1 x {1000}m (G2|P100|T4|V100M16|V100M32)>
 2; <CPU:  16.00, GPU: 1 x {1000}m (V100M16|V100M32)>
 2; <CPU:  11.30, GPU: 1 x {1000}m (V100M16)>
 2; <CPU:  11.40, GPU: 1 x {1000}m (A10|G2|T4|V100M16|V100M32)>
 2; <CPU:  15.40, GPU: 1 x {1000}m ()>
 2; <CPU:  11.40, GPU: 1 x {1000}m (P100|V100M16|V100M32)>
 2; <CPU:  17.40, GPU: 2 x {1000}m (T4|V100M16|V100M32)>
 2; <CPU:   6.00, GPU: 2 x {1000}m ()>
 2; <CPU:  60.20, GPU: 4 x {1000}m ()>
 2; <CPU:  12.00, GPU: 1 x {460 }m ()>
 2; <CPU:  32.20, GPU: 4 x {1000}m ()>
 2; <CPU:   8.00, GPU: 1 x {320 }m (T4)>
 2; <CPU:  32.00, GPU: 4 x {1000}m ()>
 2; <CPU:   6.00, GPU: 1 x {460 }m (P100)>
 2; <CPU:   4.00, GPU: 1 x {230 }m ()>
 1; <CPU: 120.00, GPU: 8 x {1000}m ()>
 1; <CPU:   8.00, GPU: 1 x {650 }m (P100)>
 1; <CPU:  88.00, GPU: 8 x {1000}m (G2)>
 1; <CPU:  64.20, GPU: 8 x {1000}m (G2)>
 1; <CPU:  11.30, GPU: 1 x {1000}m (P100|V100M16)>
 1; <CPU:  11.91, GPU: 1 x {1000}m (V100M16)>
 1; <CPU:  15.90, GPU: 1 x {1000}m (T4)>
 1; <CPU:   8.00, GPU: 1 x {230 }m (P100)>
 1; <CPU:   9.81, GPU: 1 x {1000}m (P100|V100M16|V100M32)>
 1; <CPU:  14.20, GPU: 1 x {1000}m (V100M16|V100M32)>
 1; <CPU:  11.91, GPU: 1 x {1000}m (V100M16|V100M32)>
 1; <CPU:   3.15, GPU: 1 x {1000}m (P100|V100M16)>
 1; <CPU:  15.70, GPU: 1 x {1000}m (V100M16|V100M32|V100M32)>
 1; <CPU:  11.30, GPU: 1 x {1000}m (G3)>
 1; <CPU:  16.40, GPU: 1 x {1000}m (G2)>
 1; <CPU:   9.81, GPU: 1 x {1000}m (P100|T4|V100M16|V100M32)>
 1; <CPU:   8.20, GPU: 1 x {1000}m (T4)>
 1; <CPU:  11.91, GPU: 1 x {1000}m (A10|G2|T4|V100M16|V100M32)>
 1; <CPU:   7.00, GPU: 1 x {1000}m ()>
 1; <CPU:   4.00, GPU: 1 x {1000}m (P100|T4|V100M16|V100M32)>
 1; <CPU:  12.00, GPU: 1 x {1000}m (A10|G2|P100|T4|V100M16|V100M32|V100M32)>
 1; <CPU:  11.40, GPU: 1 x {1000}m (G3)>
 1; <CPU:  16.00, GPU: 1 x {1000}m (G3)>
 1; <CPU:   4.00, GPU: 1 x {1000}m (P100|V100M16|V100M32)>
 1; <CPU:  11.40, GPU: 1 x {1000}m (P100|V100M16)>
 1; <CPU:   4.00, GPU: 1 x {650 }m ()>
 1; <CPU:   4.00, GPU: 1 x {1000}m (G2|P100|T4|V100M16|V100M32)>
 1; <CPU:  11.30, GPU: 1 x {1000}m (P100)>
 1; <CPU:   3.15, GPU: 1 x {1000}m (G2|P100|T4|V100M16|V100M32)>
 1; <CPU:   4.00, GPU: 1 x {320 }m (P100)>
 1; <CPU:   9.81, GPU: 1 x {1000}m (G2)>
 1; <CPU:  11.30, GPU: 1 x {1000}m (V100M32)>
 1; <CPU:   8.00, GPU: 1 x {480 }m ()>
 1; <CPU:   8.00, GPU: 1 x {440 }m ()>
 1; <CPU:  24.20, GPU: 1 x {1000}m (G2)>
 1; <CPU:  11.40, GPU: 1 x {1000}m (P100|T4|V100M16|V100M32)>
 1; <CPU:   8.20, GPU: 1 x {1000}m (G2)>
 1; <CPU:   4.00, GPU: 1 x {350 }m ()>
 1; <CPU:   9.81, GPU: 1 x {1000}m (V100M32)>
 1; <CPU:   4.00, GPU: 1 x {230 }m (T4)>
 1; <CPU:  18.71, GPU: 1 x {1000}m (P100|V100M16|V100M32)>
Failed No.: 2691
