
===
log-cc_owgpuspec10_dr0.0_tn1.3_ts43_if1.0_mde04e.yaml-sc_GpuClustering1000_deshare_gsbest_mdf591.yaml.log
325; <CPU:   3.15, GPU: 1 x {810 }m ()>
246; <CPU:  11.30, GPU: 1 x {1000}m ()>
196; <CPU:  11.40, GPU: 1 x {1000}m ()>
139; <CPU:   8.00, GPU: 1 x {470 }m ()>
124; <CPU:   3.15, GPU: 1 x {1000}m ()>
98; <CPU:  11.91, GPU: 1 x {470 }m ()>
82; <CPU:  12.00, GPU: 1 x {1000}m ()>
80; <CPU:  18.71, GPU: 1 x {1000}m ()>
73; <CPU:   4.00, GPU: 1 x {320 }m ()>
66; <CPU:  11.91, GPU: 1 x {650 }m ()>
53; <CPU:  16.00, GPU: 1 x {1000}m ()>
51; <CPU:   8.00, GPU: 1 x {1000}m ()>
49; <CPU:  15.70, GPU: 1 x {1000}m ()>
48; <CPU:   4.00, GPU: 1 x {1000}m ()>
47; <CPU:   3.15, GPU: 1 x {810 }m (T4)>
46; <CPU:  11.30, GPU: 1 x {1000}m (T4)>
45; <CPU:   6.00, GPU: 1 x {460 }m ()>
43; <CPU:   9.81, GPU: 1 x {1000}m ()>
39; <CPU:   3.15, GPU: 1 x {810 }m (P100)>
35; <CPU:   4.00, GPU: 1 x {230 }m ()>
35; <CPU:  11.91, GPU: 1 x {1000}m ()>
33; <CPU:   3.15, GPU: 1 x {1000}m (T4)>
27; <CPU:  11.40, GPU: 1 x {1000}m (T4)>
26; <CPU:  14.20, GPU: 1 x {1000}m ()>
24; <CPU:   8.00, GPU: 1 x {470 }m (T4)>
21; <CPU:  11.91, GPU: 1 x {470 }m (T4)>
20; <CPU:  11.91, GPU: 1 x {650 }m (T4)>
20; <CPU:   3.15, GPU: 1 x {590 }m ()>
20; <CPU:   4.15, GPU: 1 x {550 }m ()>
20; <CPU:   8.00, GPU: 1 x {320 }m ()>
19; <CPU:  18.71, GPU: 1 x {1000}m (T4)>
17; <CPU:  24.20, GPU: 1 x {1000}m ()>
16; <CPU:  11.90, GPU: 1 x {1000}m ()>
15; <CPU:   4.00, GPU: 1 x {1000}m (T4)>
15; <CPU:   4.00, GPU: 1 x {320 }m (T4)>
14; <CPU:   4.00, GPU: 1 x {220 }m ()>
13; <CPU:  12.00, GPU: 1 x {1000}m (T4)>
13; <CPU:   9.81, GPU: 1 x {1000}m (T4)>
13; <CPU:  11.30, GPU: 1 x {1000}m (V100M16|V100M32)>
12; <CPU:  15.20, GPU: 1 x {1000}m ()>
12; <CPU:  64.20, GPU: 8 x {1000}m ()>
11; <CPU:  14.20, GPU: 1 x {1000}m (T4)>
11; <CPU:   4.15, GPU: 1 x {810 }m ()>
11; <CPU:   3.15, GPU: 1 x {1000}m (G2)>
10; <CPU:  11.91, GPU: 1 x {470 }m (P100)>
10; <CPU:   4.00, GPU: 1 x {320 }m (P100)>
10; <CPU:   4.00, GPU: 1 x {230 }m (T4)>
10; <CPU:   4.15, GPU: 1 x {370 }m ()>
 9; <CPU:  15.70, GPU: 1 x {1000}m (T4)>
 9; <CPU:  11.91, GPU: 1 x {650 }m (P100)>
 9; <CPU:  11.40, GPU: 1 x {1000}m (V100M16|V100M32)>
 9; <CPU:   8.20, GPU: 1 x {1000}m ()>
 8; <CPU:   4.15, GPU: 1 x {550 }m (T4)>
 8; <CPU:  11.91, GPU: 1 x {1000}m (T4)>
 8; <CPU:   8.00, GPU: 1 x {470 }m (P100)>
 8; <CPU:  16.00, GPU: 1 x {1000}m (T4)>
 8; <CPU:   3.15, GPU: 1 x {590 }m (T4)>
 7; <CPU:   4.15, GPU: 1 x {810 }m (T4)>
 7; <CPU:  18.71, GPU: 1 x {1000}m (G2)>
 7; <CPU:  11.30, GPU: 1 x {1000}m (G2)>
 6; <CPU:   6.00, GPU: 1 x {460 }m (T4)>
 6; <CPU:  16.40, GPU: 1 x {1000}m ()>
 5; <CPU:   8.00, GPU: 1 x {1000}m (T4)>
 5; <CPU:   3.15, GPU: 1 x {1000}m (V100M16|V100M32)>
 5; <CPU:   8.00, GPU: 1 x {650 }m ()>
 4; <CPU:   4.00, GPU: 1 x {220 }m (P100)>
 4; <CPU:  24.20, GPU: 1 x {1000}m (T4)>
 4; <CPU:   6.00, GPU: 1 x {460 }m (P100)>
 4; <CPU:   8.00, GPU: 1 x {320 }m (T4)>
 4; <CPU:  11.30, GPU: 1 x {1000}m (P100|V100M16|V100M32)>
 4; <CPU:  11.30, GPU: 1 x {1000}m (P100|V100M16)>
 4; <CPU:   4.00, GPU: 1 x {1000}m (P100|V100M16|V100M32)>
 4; <CPU:  11.40, GPU: 1 x {1000}m (G2)>
 4; <CPU:  12.00, GPU: 1 x {1000}m (G2)>
 4; <CPU:   4.00, GPU: 1 x {480 }m ()>
 4; <CPU: 120.20, GPU: 8 x {1000}m ()>
 4; <CPU:   6.00, GPU: 1 x {1000}m ()>
 3; <CPU:   8.00, GPU: 1 x {230 }m (P100)>
 3; <CPU:   8.20, GPU: 1 x {1000}m (T4)>
 3; <CPU:  15.20, GPU: 1 x {1000}m (T4)>
 3; <CPU:   4.15, GPU: 1 x {550 }m (P100)>
 3; <CPU:   9.81, GPU: 1 x {1000}m (V100M16|V100M32)>
 3; <CPU:  24.20, GPU: 1 x {1000}m (G3)>
 3; <CPU:  11.40, GPU: 1 x {1000}m (G3)>
 3; <CPU:   8.00, GPU: 1 x {220 }m ()>
 3; <CPU:   7.00, GPU: 1 x {1000}m ()>
 3; <CPU:   8.00, GPU: 1 x {1000}m (G2)>
 3; <CPU:   8.00, GPU: 1 x {230 }m ()>
 3; <CPU:   4.00, GPU: 1 x {330 }m ()>
 3; <CPU:  15.70, GPU: 1 x {1000}m (G2)>
 3; <CPU:  12.00, GPU: 1 x {460 }m ()>
 3; <CPU:  88.00, GPU: 8 x {1000}m ()>
 3; <CPU:  18.71, GPU: 1 x {1000}m (P100|V100M16|V100M32)>
 2; <CPU:   3.15, GPU: 1 x {590 }m (P100)>
 2; <CPU:   4.15, GPU: 1 x {370 }m (T4)>
 2; <CPU:   8.00, GPU: 1 x {1000}m (V100M16|V100M32)>
 2; <CPU:   7.00, GPU: 1 x {1000}m (V100M16|V100M32)>
 2; <CPU: 120.00, GPU: 8 x {1000}m (G2)>
 2; <CPU:   8.00, GPU: 1 x {650 }m (T4)>
 2; <CPU:   4.00, GPU: 1 x {230 }m (P100)>
 2; <CPU:  11.30, GPU: 1 x {1000}m (P100|T4|V100M16|V100M32)>
 2; <CPU:   4.00, GPU: 1 x {220 }m (T4)>
 2; <CPU:   4.00, GPU: 1 x {1000}m (V100M16|V100M32|V100M32)>
 2; <CPU:   9.81, GPU: 1 x {1000}m (P100|V100M16|V100M32)>
 2; <CPU:  15.70, GPU: 1 x {1000}m (V100M16|V100M32)>
 2; <CPU:  14.20, GPU: 1 x {1000}m (V100M32)>
 2; <CPU:   4.00, GPU: 1 x {480 }m (T4)>
 2; <CPU:  12.00, GPU: 1 x {1000}m (V100M16|V100M32)>
 2; <CPU:   3.15, GPU: 1 x {1000}m (A10|G2|T4|V100M16|V100M32)>
 2; <CPU:   9.81, GPU: 1 x {1000}m (V100M32)>
 2; <CPU:   4.15, GPU: 1 x {270 }m ()>
 2; <CPU:   8.00, GPU: 1 x {440 }m ()>
 2; <CPU:   8.20, GPU: 1 x {1000}m (G2)>
 2; <CPU:   4.00, GPU: 1 x {350 }m ()>
 2; <CPU:  60.20, GPU: 4 x {1000}m ()>
 2; <CPU:   4.00, GPU: 1 x {1000}m (G2|P100|T4|V100M16|V100M32)>
 1; <CPU:   6.00, GPU: 1 x {320 }m (T4)>
 1; <CPU:   1.00, GPU: 1 x {1000}m (T4)>
 1; <CPU:   4.15, GPU: 1 x {370 }m (P100)>
 1; <CPU:  11.90, GPU: 1 x {1000}m (T4)>
 1; <CPU:  11.40, GPU: 1 x {1000}m (P100)>
 1; <CPU:   8.00, GPU: 1 x {650 }m (P100)>
 1; <CPU:  16.00, GPU: 1 x {1000}m (V100M16|V100M32|V100M32)>
 1; <CPU:  24.20, GPU: 1 x {1000}m (P100|V100M16|V100M32)>
 1; <CPU:  11.30, GPU: 1 x {1000}m (P100)>
 1; <CPU:  11.40, GPU: 1 x {1000}m (P100|V100M16)>
 1; <CPU:  12.00, GPU: 1 x {1000}m (P100|V100M16|V100M32)>
 1; <CPU:   3.15, GPU: 1 x {1000}m (V100M16)>
 1; <CPU:  11.91, GPU: 1 x {1000}m (V100M16)>
 1; <CPU:  11.40, GPU: 1 x {1000}m (A10|T4)>
 1; <CPU:   4.00, GPU: 1 x {1000}m (P100|T4|V100M16|V100M32)>
 1; <CPU:  18.71, GPU: 1 x {1000}m (V100M16)>
 1; <CPU:   4.15, GPU: 1 x {810 }m (P100)>
 1; <CPU:  11.30, GPU: 1 x {1000}m (V100M32)>
 1; <CPU:   4.00, GPU: 1 x {650 }m (T4)>
 1; <CPU:  15.90, GPU: 1 x {1000}m (T4)>
 1; <CPU:  16.00, GPU: 1 x {1000}m (P100|V100M16|V100M32)>
 1; <CPU:   8.00, GPU: 1 x {1000}m (V100M32)>
 1; <CPU:  64.00, GPU: 8 x {1000}m ()>
 1; <CPU:  30.20, GPU: 2 x {1000}m ()>
 1; <CPU:  16.00, GPU: 1 x {1000}m (G3)>
 1; <CPU:  11.30, GPU: 1 x {1000}m (G3)>
 1; <CPU:  16.00, GPU: 1 x {1000}m (G2|P100|T4|V100M16|V100M32)>
 1; <CPU:  15.40, GPU: 1 x {1000}m ()>
 1; <CPU:  16.20, GPU: 2 x {1000}m ()>
 1; <CPU:  11.91, GPU: 1 x {1000}m (V100M16|V100M32)>
 1; <CPU:   8.00, GPU: 1 x {480 }m ()>
 1; <CPU:  14.20, GPU: 1 x {1000}m (A10|G2|T4|V100M16|V100M32)>
 1; <CPU:   3.15, GPU: 1 x {810 }m (G2|P100|T4|V100M16|V100M32)>
 1; <CPU:  14.00, GPU: 1 x {1000}m ()>
 1; <CPU:   8.00, GPU: 1 x {460 }m ()>
 1; <CPU:  11.30, GPU: 1 x {1000}m (G2|P100|T4|V100M16|V100M32)>
 1; <CPU:   9.81, GPU: 1 x {1000}m (G2)>
 1; <CPU:   4.00, GPU: 1 x {1000}m (G2)>
 1; <CPU:  15.70, GPU: 1 x {1000}m (V100M16|V100M32|V100M32)>
 1; <CPU:  32.20, GPU: 4 x {1000}m ()>
 1; <CPU:  15.20, GPU: 1 x {1000}m (G2)>
 1; <CPU:  11.40, GPU: 1 x {1000}m (P100|T4|V100M16|V100M32)>
 1; <CPU:  14.90, GPU: 1 x {1000}m (G2)>
 1; <CPU:  11.30, GPU: 1 x {1000}m (V100M16)>
 1; <CPU:  24.20, GPU: 1 x {1000}m (G2)>
 1; <CPU:   3.15, GPU: 1 x {1000}m (G2|P100|T4|V100M16|V100M32)>
 1; <CPU:  32.00, GPU: 4 x {1000}m ()>
 1; <CPU:  11.30, GPU: 1 x {1000}m (V100M16|V100M32|V100M32)>
 1; <CPU:  15.70, GPU: 1 x {1000}m (P100|V100M16|V100M32)>
 1; <CPU:   9.40, GPU: 1 x {1000}m ()>
Failed No.: 2679
