
===
log-cc_owdefault_dr0.0_tn1.3_ts43_if1.0_md12aa.yaml-sc_Delay1000_deshare_gsDelayScore_md191f.yaml.log
373; <CPU:   3.15, GPU: 1 x {810 }m ()>
297; <CPU:  11.30, GPU: 1 x {1000}m ()>
233; <CPU:  11.40, GPU: 1 x {1000}m ()>
167; <CPU:   3.15, GPU: 1 x {1000}m ()>
159; <CPU:   8.00, GPU: 1 x {470 }m ()>
114; <CPU:  11.91, GPU: 1 x {470 }m ()>
101; <CPU:  12.00, GPU: 1 x {1000}m ()>
99; <CPU:  18.71, GPU: 1 x {1000}m ()>
85; <CPU:   4.00, GPU: 1 x {320 }m ()>
77; <CPU:  11.91, GPU: 1 x {650 }m ()>
65; <CPU:  16.00, GPU: 1 x {1000}m ()>
61; <CPU:   4.00, GPU: 1 x {1000}m ()>
60; <CPU:  15.70, GPU: 1 x {1000}m ()>
58; <CPU:   8.00, GPU: 1 x {1000}m ()>
57; <CPU:   9.81, GPU: 1 x {1000}m ()>
48; <CPU:   6.00, GPU: 1 x {460 }m ()>
44; <CPU:  11.91, GPU: 1 x {1000}m ()>
43; <CPU:   4.00, GPU: 1 x {230 }m ()>
32; <CPU:  14.20, GPU: 1 x {1000}m ()>
27; <CPU:   3.15, GPU: 1 x {590 }m ()>
26; <CPU:   4.15, GPU: 1 x {550 }m ()>
25; <CPU:  24.20, GPU: 1 x {1000}m ()>
25; <CPU:   8.00, GPU: 1 x {320 }m ()>
18; <CPU:   4.00, GPU: 1 x {220 }m ()>
17; <CPU:  11.90, GPU: 1 x {1000}m ()>
16; <CPU:   4.15, GPU: 1 x {810 }m ()>
14; <CPU:  15.20, GPU: 1 x {1000}m ()>
13; <CPU:   8.20, GPU: 1 x {1000}m ()>
12; <CPU:  64.20, GPU: 8 x {1000}m ()>
11; <CPU:   4.15, GPU: 1 x {370 }m ()>
 6; <CPU:   4.00, GPU: 1 x {480 }m ()>
 6; <CPU:   8.00, GPU: 1 x {650 }m ()>
 6; <CPU:  16.40, GPU: 1 x {1000}m ()>
 4; <CPU:   8.00, GPU: 1 x {220 }m ()>
 4; <CPU:   7.00, GPU: 1 x {1000}m ()>
 4; <CPU: 120.20, GPU: 8 x {1000}m ()>
 4; <CPU:   6.00, GPU: 1 x {1000}m ()>
 3; <CPU:   8.00, GPU: 1 x {230 }m ()>
 3; <CPU:   4.00, GPU: 1 x {330 }m ()>
 3; <CPU:  12.00, GPU: 1 x {460 }m ()>
 3; <CPU:  88.00, GPU: 8 x {1000}m ()>
 2; <CPU:   4.15, GPU: 1 x {270 }m ()>
 2; <CPU:   8.00, GPU: 1 x {440 }m ()>
 2; <CPU:   4.00, GPU: 1 x {350 }m ()>
 2; <CPU:  60.20, GPU: 4 x {1000}m ()>
 1; <CPU:  64.00, GPU: 8 x {1000}m ()>
 1; <CPU:  30.20, GPU: 2 x {1000}m ()>
 1; <CPU:  15.40, GPU: 1 x {1000}m ()>
 1; <CPU:  16.20, GPU: 2 x {1000}m ()>
 1; <CPU:   8.00, GPU: 1 x {480 }m ()>
 1; <CPU:   8.00, GPU: 1 x {460 }m ()>
 1; <CPU:  32.20, GPU: 4 x {1000}m ()>
 1; <CPU:  14.90, GPU: 1 x {1000}m ()>
 1; <CPU:   2.00, GPU: 1 x {1000}m ()>
 1; <CPU:  32.00, GPU: 4 x {1000}m ()>
 1; <CPU:   9.40, GPU: 1 x {1000}m ()>
Failed No.: 2442
