
===
log-cc_owdefault_dr0.0_tn1.3_ts43_if1.0_md6b29.yaml-sc_Random1000_deshare_gsrandom_mdf81a.yaml.log
423; <CPU:   3.15, GPU: 1 x {810 }m ()>
390; <CPU:  11.30, GPU: 1 x {1000}m ()>
291; <CPU:  11.40, GPU: 1 x {1000}m ()>
195; <CPU:   3.15, GPU: 1 x {1000}m ()>
149; <CPU:   8.00, GPU: 1 x {470 }m ()>
126; <CPU:  12.00, GPU: 1 x {1000}m ()>
120; <CPU:  18.71, GPU: 1 x {1000}m ()>
107; <CPU:  11.91, GPU: 1 x {470 }m ()>
82; <CPU:  11.91, GPU: 1 x {650 }m ()>
81; <CPU:  15.70, GPU: 1 x {1000}m ()>
79; <CPU:  16.00, GPU: 1 x {1000}m ()>
73; <CPU:   4.00, GPU: 1 x {1000}m ()>
72; <CPU:   9.81, GPU: 1 x {1000}m ()>
69; <CPU:   8.00, GPU: 1 x {1000}m ()>
54; <CPU:  11.91, GPU: 1 x {1000}m ()>
37; <CPU:  14.20, GPU: 1 x {1000}m ()>
35; <CPU:  24.20, GPU: 1 x {1000}m ()>
35; <CPU:   6.00, GPU: 1 x {460 }m ()>
21; <CPU:  11.90, GPU: 1 x {1000}m ()>
21; <CPU:   4.15, GPU: 1 x {550 }m ()>
21; <CPU:   4.00, GPU: 1 x {320 }m ()>
18; <CPU:  64.20, GPU: 8 x {1000}m ()>
18; <CPU:   8.20, GPU: 1 x {1000}m ()>
18; <CPU:   4.15, GPU: 1 x {810 }m ()>
16; <CPU:  15.20, GPU: 1 x {1000}m ()>
12; <CPU:  88.00, GPU: 8 x {1000}m ()>
11; <CPU:   3.15, GPU: 1 x {590 }m ()>
 8; <CPU:  16.40, GPU: 1 x {1000}m ()>
 8; <CPU:   8.00, GPU: 1 x {320 }m ()>
 6; <CPU:   8.00, GPU: 1 x {650 }m ()>
 5; <CPU: 120.20, GPU: 8 x {1000}m ()>
 5; <CPU:   4.15, GPU: 1 x {370 }m ()>
 4; <CPU:   7.00, GPU: 1 x {1000}m ()>
 4; <CPU:   6.00, GPU: 1 x {1000}m ()>
 3; <CPU:  14.90, GPU: 1 x {1000}m ()>
 3; <CPU:  12.00, GPU: 1 x {460 }m ()>
 2; <CPU: 120.00, GPU: 8 x {1000}m ()>
 2; <CPU:  64.00, GPU: 8 x {1000}m ()>
 2; <CPU:  15.40, GPU: 1 x {1000}m ()>
 2; <CPU:  60.20, GPU: 4 x {1000}m ()>
 2; <CPU:   4.00, GPU: 1 x {480 }m ()>
 2; <CPU:   4.00, GPU: 1 x {230 }m ()>
 1; <CPU:  15.90, GPU: 1 x {1000}m ()>
 1; <CPU:  30.20, GPU: 2 x {1000}m ()>
 1; <CPU:  16.20, GPU: 2 x {1000}m ()>
 1; <CPU:   8.00, GPU: 1 x {480 }m ()>
 1; <CPU:   8.00, GPU: 1 x {460 }m ()>
 1; <CPU:  32.20, GPU: 4 x {1000}m ()>
 1; <CPU:   4.00, GPU: 1 x {350 }m ()>
 1; <CPU:  32.00, GPU: 4 x {1000}m ()>
 1; <CPU:   9.40, GPU: 1 x {1000}m ()>
Failed No.: 2641
