
===
log-cc_owcpu050_dr0.0_tn1.3_ts43_if1.0_md2944.yaml-sc_DotProd1000_demerge_gsbest_mdbaad.yaml.log
388; <CPU:   3.15, GPU: 1 x {810 }m ()>
318; <CPU:  11.30, GPU: 1 x {1000}m ()>
195; <CPU:   3.15, GPU: 1 x {1000}m ()>
195; <CPU:  11.40, GPU: 1 x {1000}m ()>
136; <CPU:   8.00, GPU: 1 x {470 }m ()>
134; <CPU:  11.91, GPU: 1 x {470 }m ()>
130; <CPU:  12.00, GPU: 1 x {1000}m ()>
91; <CPU:  11.91, GPU: 1 x {650 }m ()>
88; <CPU:   4.00, GPU: 1 x {320 }m ()>
85; <CPU:  18.71, GPU: 1 x {1000}m ()>
78; <CPU:   8.00, GPU: 1 x {1000}m ()>
68; <CPU:   9.81, GPU: 1 x {1000}m ()>
66; <CPU:  11.91, GPU: 1 x {1000}m ()>
55; <CPU:  16.00, GPU: 1 x {1000}m ()>
53; <CPU:   4.00, GPU: 1 x {230 }m ()>
51; <CPU:  15.70, GPU: 1 x {1000}m ()>
51; <CPU:   4.00, GPU: 1 x {1000}m ()>
42; <CPU:   6.00, GPU: 1 x {460 }m ()>
40; <CPU:  14.20, GPU: 1 x {1000}m ()>
34; <CPU:   4.15, GPU: 1 x {550 }m ()>
30; <CPU:  24.20, GPU: 1 x {1000}m ()>
27; <CPU:  11.90, GPU: 1 x {1000}m ()>
26; <CPU:   8.00, GPU: 1 x {320 }m ()>
20; <CPU:   3.15, GPU: 1 x {590 }m ()>
14; <CPU:   8.20, GPU: 1 x {1000}m ()>
14; <CPU:   4.15, GPU: 1 x {810 }m ()>
13; <CPU:   4.15, GPU: 1 x {370 }m ()>
11; <CPU:   4.00, GPU: 1 x {220 }m ()>
11; <CPU:  15.20, GPU: 1 x {1000}m ()>
10; <CPU:  64.20, GPU: 8 x {1000}m ()>
 9; <CPU:   7.00, GPU: 1 x {1000}m ()>
 8; <CPU:  16.40, GPU: 1 x {1000}m ()>
 8; <CPU:  88.00, GPU: 8 x {1000}m ()>
 7; <CPU:  32.20, GPU: 4 x {1000}m ()>
 7; <CPU:   8.00, GPU: 1 x {230 }m ()>
 7; <CPU:   8.00, GPU: 1 x {220 }m ()>
 6; <CPU:   8.00, GPU: 1 x {650 }m ()>
 4; <CPU:  15.40, GPU: 1 x {1000}m ()>
 4; <CPU:   4.00, GPU: 1 x {480 }m ()>
 4; <CPU:  14.90, GPU: 1 x {1000}m ()>
 3; <CPU:   6.00, GPU: 1 x {1000}m ()>
 3; <CPU:  16.20, GPU: 2 x {1000}m ()>
 2; <CPU: 120.00, GPU: 8 x {1000}m ()>
 2; <CPU:  12.00, GPU: 1 x {460 }m ()>
 2; <CPU:   4.00, GPU: 1 x {350 }m ()>
 2; <CPU:  64.00, GPU: 8 x {1000}m ()>
 2; <CPU: 120.20, GPU: 8 x {1000}m ()>
 2; <CPU:   4.15, GPU: 1 x {270 }m ()>
 2; <CPU:   4.00, GPU: 1 x {330 }m ()>
 1; <CPU:  30.20, GPU: 2 x {1000}m ()>
 1; <CPU:  32.00, GPU: 4 x {1000}m ()>
 1; <CPU:   4.00, GPU: 1 x {650 }m ()>
 1; <CPU:   6.00, GPU: 2 x {1000}m ()>
 1; <CPU:   9.40, GPU: 1 x {1000}m ()>
Failed No.: 2563
