
===
log-cc_owmultigpu20_dr0.0_tn1.3_ts43_if1.0_md9bc2.yaml-sc_GpuPacking1000_deshare_gsbest_md3402.yaml.log
321; <CPU:   3.15, GPU: 1 x {810 }m ()>
288; <CPU:  11.30, GPU: 1 x {1000}m ()>
180; <CPU:  11.40, GPU: 1 x {1000}m ()>
150; <CPU:   3.15, GPU: 1 x {1000}m ()>
137; <CPU:   8.00, GPU: 1 x {470 }m ()>
105; <CPU:  11.91, GPU: 1 x {470 }m ()>
93; <CPU:  12.00, GPU: 1 x {1000}m ()>
90; <CPU:  18.71, GPU: 1 x {1000}m ()>
82; <CPU:   4.00, GPU: 1 x {320 }m ()>
79; <CPU:  11.91, GPU: 1 x {650 }m ()>
66; <CPU:  11.91, GPU: 1 x {1000}m ()>
62; <CPU:   9.81, GPU: 1 x {1000}m ()>
60; <CPU:   8.00, GPU: 1 x {1000}m ()>
59; <CPU:  15.70, GPU: 1 x {1000}m ()>
50; <CPU:   4.00, GPU: 1 x {1000}m ()>
45; <CPU:  16.00, GPU: 1 x {1000}m ()>
35; <CPU:   6.00, GPU: 1 x {460 }m ()>
30; <CPU:   4.00, GPU: 1 x {230 }m ()>
29; <CPU:   3.15, GPU: 1 x {590 }m ()>
29; <CPU:  24.20, GPU: 1 x {1000}m ()>
28; <CPU:  14.20, GPU: 1 x {1000}m ()>
23; <CPU:  64.20, GPU: 8 x {1000}m ()>
21; <CPU:   4.15, GPU: 1 x {550 }m ()>
19; <CPU:   8.00, GPU: 1 x {320 }m ()>
17; <CPU:   4.15, GPU: 1 x {370 }m ()>
16; <CPU:  88.00, GPU: 8 x {1000}m ()>
14; <CPU:  11.90, GPU: 1 x {1000}m ()>
12; <CPU:   4.15, GPU: 1 x {810 }m ()>
11; <CPU:  15.20, GPU: 1 x {1000}m ()>
10; <CPU:   8.20, GPU: 1 x {1000}m ()>
10; <CPU:   4.00, GPU: 1 x {220 }m ()>
 9; <CPU:  32.20, GPU: 4 x {1000}m ()>
 8; <CPU:  60.20, GPU: 4 x {1000}m ()>
 6; <CPU:  16.40, GPU: 1 x {1000}m ()>
 5; <CPU:   4.00, GPU: 1 x {480 }m ()>
 5; <CPU:  16.20, GPU: 2 x {1000}m ()>
 5; <CPU:   8.00, GPU: 1 x {220 }m ()>
 5; <CPU:   8.00, GPU: 1 x {230 }m ()>
 3; <CPU:   4.00, GPU: 1 x {330 }m ()>
 3; <CPU: 120.20, GPU: 8 x {1000}m ()>
 3; <CPU:   6.00, GPU: 1 x {1000}m ()>
 2; <CPU:   8.00, GPU: 1 x {650 }m ()>
 2; <CPU:   6.00, GPU: 2 x {1000}m ()>
 2; <CPU:   7.00, GPU: 1 x {1000}m ()>
 2; <CPU:  32.00, GPU: 4 x {1000}m ()>
 2; <CPU:   4.00, GPU: 1 x {350 }m ()>
 1; <CPU:   9.40, GPU: 1 x {1000}m ()>
 1; <CPU:   4.00, GPU: 1 x {470 }m ()>
 1; <CPU:  14.90, GPU: 1 x {1000}m ()>
 1; <CPU:  12.00, GPU: 1 x {460 }m ()>
 1; <CPU:  14.00, GPU: 2 x {1000}m ()>
 1; <CPU:   8.71, GPU: 1 x {1000}m ()>
 1; <CPU:  30.20, GPU: 2 x {1000}m ()>
 1; <CPU:  17.40, GPU: 2 x {1000}m ()>
 1; <CPU:   8.00, GPU: 1 x {460 }m ()>
 1; <CPU: 120.00, GPU: 8 x {1000}m ()>
 1; <CPU:  11.80, GPU: 1 x {1000}m ()>
 1; <CPU:   8.00, GPU: 1 x {440 }m ()>
Failed No.: 2245
