
===
log-cc_owmultigpu20_dr0.0_tn1.3_ts43_if1.0_md6ae2.yaml-sc_Random1000_deshare_gsrandom_md3c66.yaml.log
326; <CPU:  11.30, GPU: 1 x {1000}m ()>
320; <CPU:   3.15, GPU: 1 x {810 }m ()>
203; <CPU:  11.40, GPU: 1 x {1000}m ()>
150; <CPU:   3.15, GPU: 1 x {1000}m ()>
101; <CPU:  12.00, GPU: 1 x {1000}m ()>
94; <CPU:  18.71, GPU: 1 x {1000}m ()>
89; <CPU:   8.00, GPU: 1 x {470 }m ()>
75; <CPU:  11.91, GPU: 1 x {470 }m ()>
72; <CPU:  11.91, GPU: 1 x {1000}m ()>
65; <CPU:   9.81, GPU: 1 x {1000}m ()>
64; <CPU:  15.70, GPU: 1 x {1000}m ()>
64; <CPU:   8.00, GPU: 1 x {1000}m ()>
60; <CPU:  11.91, GPU: 1 x {650 }m ()>
49; <CPU:   4.00, GPU: 1 x {1000}m ()>
48; <CPU:  16.00, GPU: 1 x {1000}m ()>
43; <CPU:  64.20, GPU: 8 x {1000}m ()>
33; <CPU:  24.20, GPU: 1 x {1000}m ()>
30; <CPU:  88.00, GPU: 8 x {1000}m ()>
30; <CPU:  14.20, GPU: 1 x {1000}m ()>
20; <CPU:  11.90, GPU: 1 x {1000}m ()>
12; <CPU:   4.15, GPU: 1 x {810 }m ()>
11; <CPU:  15.20, GPU: 1 x {1000}m ()>
10; <CPU:  32.20, GPU: 4 x {1000}m ()>
10; <CPU:   8.20, GPU: 1 x {1000}m ()>
 9; <CPU:   4.15, GPU: 1 x {550 }m ()>
 9; <CPU:   6.00, GPU: 1 x {460 }m ()>
 8; <CPU:  60.20, GPU: 4 x {1000}m ()>
 7; <CPU:   3.15, GPU: 1 x {590 }m ()>
 6; <CPU:  16.20, GPU: 2 x {1000}m ()>
 6; <CPU:  16.40, GPU: 1 x {1000}m ()>
 5; <CPU: 120.00, GPU: 8 x {1000}m ()>
 5; <CPU: 120.20, GPU: 8 x {1000}m ()>
 4; <CPU:  32.00, GPU: 4 x {1000}m ()>
 3; <CPU:  64.00, GPU: 8 x {1000}m ()>
 3; <CPU:   6.00, GPU: 1 x {1000}m ()>
 2; <CPU:  14.90, GPU: 1 x {1000}m ()>
 2; <CPU:  30.20, GPU: 2 x {1000}m ()>
 2; <CPU:   6.00, GPU: 2 x {1000}m ()>
 2; <CPU:   7.00, GPU: 1 x {1000}m ()>
 1; <CPU:  15.90, GPU: 1 x {1000}m ()>
 1; <CPU:   9.40, GPU: 1 x {1000}m ()>
 1; <CPU:  14.00, GPU: 2 x {1000}m ()>
 1; <CPU:   8.71, GPU: 1 x {1000}m ()>
 1; <CPU:  17.40, GPU: 2 x {1000}m ()>
 1; <CPU:  11.80, GPU: 1 x {1000}m ()>
Failed No.: 2058
