
===
log-cc_owcpu250_dr0.0_tn1.3_ts42_if1.0_mde2fd.yaml-sc_Random1000_deshare_gsrandom_mdf81a.yaml.log
499; <CPU:   3.15, GPU: 1 x {810 }m ()>
474; <CPU:  11.30, GPU: 1 x {1000}m ()>
321; <CPU:  11.40, GPU: 1 x {1000}m ()>
217; <CPU:   3.15, GPU: 1 x {1000}m ()>
182; <CPU:  12.00, GPU: 1 x {1000}m ()>
178; <CPU:  11.91, GPU: 1 x {470 }m ()>
148; <CPU:  18.71, GPU: 1 x {1000}m ()>
140; <CPU:   8.00, GPU: 1 x {470 }m ()>
108; <CPU:  11.91, GPU: 1 x {650 }m ()>
95; <CPU:  15.70, GPU: 1 x {1000}m ()>
88; <CPU:   8.00, GPU: 1 x {1000}m ()>
86; <CPU:   9.81, GPU: 1 x {1000}m ()>
85; <CPU:  32.00, GPU: 0 x {0   }m ()>
80; <CPU:  16.00, GPU: 1 x {1000}m ()>
73; <CPU:  11.91, GPU: 1 x {1000}m ()>
73; <CPU:   4.00, GPU: 1 x {1000}m ()>
73; <CPU:  12.50, GPU: 0 x {0   }m ()>
69; <CPU:   4.00, GPU: 1 x {320 }m ()>
49; <CPU:  14.20, GPU: 1 x {1000}m ()>
46; <CPU:  24.20, GPU: 1 x {1000}m ()>
40; <CPU:   4.00, GPU: 1 x {230 }m ()>
37; <CPU:   6.00, GPU: 1 x {460 }m ()>
29; <CPU:   4.15, GPU: 1 x {550 }m ()>
25; <CPU:  15.20, GPU: 1 x {1000}m ()>
23; <CPU:   8.00, GPU: 1 x {320 }m ()>
22; <CPU:  11.90, GPU: 1 x {1000}m ()>
22; <CPU:   3.15, GPU: 1 x {590 }m ()>
21; <CPU:   8.20, GPU: 1 x {1000}m ()>
19; <CPU:   4.15, GPU: 1 x {370 }m ()>
18; <CPU:  64.20, GPU: 8 x {1000}m ()>
18; <CPU:  15.40, GPU: 0 x {0   }m ()>
15; <CPU:  16.50, GPU: 0 x {0   }m ()>
14; <CPU:  16.40, GPU: 1 x {1000}m ()>
10; <CPU:   4.15, GPU: 1 x {810 }m ()>
 9; <CPU:  88.00, GPU: 8 x {1000}m ()>
 7; <CPU:  15.40, GPU: 1 x {1000}m ()>
 7; <CPU:   8.00, GPU: 1 x {650 }m ()>
 7; <CPU:   4.00, GPU: 1 x {220 }m ()>
 6; <CPU:   8.00, GPU: 1 x {220 }m ()>
 5; <CPU: 120.00, GPU: 8 x {1000}m ()>
 5; <CPU:   7.00, GPU: 1 x {1000}m ()>
 5; <CPU:   6.00, GPU: 1 x {1000}m ()>
 5; <CPU:   8.00, GPU: 1 x {230 }m ()>
 4; <CPU:  60.20, GPU: 4 x {1000}m ()>
 3; <CPU:   9.40, GPU: 1 x {1000}m ()>
 3; <CPU:  14.90, GPU: 1 x {1000}m ()>
 3; <CPU:  32.00, GPU: 4 x {1000}m ()>
 3; <CPU:  32.20, GPU: 4 x {1000}m ()>
 3; <CPU:   4.00, GPU: 1 x {330 }m ()>
 3; <CPU:   4.00, GPU: 1 x {350 }m ()>
 3; <CPU:  30.20, GPU: 2 x {1000}m ()>
 2; <CPU: 120.20, GPU: 8 x {1000}m ()>
 2; <CPU:  16.20, GPU: 2 x {1000}m ()>
 2; <CPU:   8.00, GPU: 1 x {440 }m ()>
 1; <CPU:  15.90, GPU: 1 x {1000}m ()>
 1; <CPU:   5.00, GPU: 1 x {1000}m ()>
 1; <CPU:   6.00, GPU: 1 x {320 }m ()>
 1; <CPU:  64.00, GPU: 8 x {1000}m ()>
 1; <CPU:  12.00, GPU: 1 x {460 }m ()>
 1; <CPU:   4.00, GPU: 1 x {650 }m ()>
 1; <CPU:  16.00, GPU: 0 x {0   }m ()>
 1; <CPU:   8.00, GPU: 1 x {460 }m ()>
Failed No.: 3492
