
===
log-cc_owmultigpu30_dr0.0_tn1.3_ts42_if1.0_mdb1b9.yaml-sc_Random1000_deshare_gsrandom_mdf81a.yaml.log
233; <CPU:   3.15, GPU: 1 x {810 }m ()>
212; <CPU:  11.30, GPU: 1 x {1000}m ()>
143; <CPU:  11.40, GPU: 1 x {1000}m ()>
91; <CPU:   3.15, GPU: 1 x {1000}m ()>
75; <CPU:  12.00, GPU: 1 x {1000}m ()>
62; <CPU:  88.00, GPU: 8 x {1000}m ()>
61; <CPU:  64.20, GPU: 8 x {1000}m ()>
59; <CPU:  18.71, GPU: 1 x {1000}m ()>
44; <CPU:  15.70, GPU: 1 x {1000}m ()>
43; <CPU:   4.00, GPU: 1 x {1000}m ()>
41; <CPU:   9.81, GPU: 1 x {1000}m ()>
39; <CPU:  16.00, GPU: 1 x {1000}m ()>
39; <CPU:  11.91, GPU: 1 x {650 }m ()>
35; <CPU:  11.91, GPU: 1 x {1000}m ()>
35; <CPU:   8.00, GPU: 1 x {470 }m ()>
33; <CPU:   8.00, GPU: 1 x {1000}m ()>
32; <CPU:  11.91, GPU: 1 x {470 }m ()>
22; <CPU:  14.20, GPU: 1 x {1000}m ()>
18; <CPU:  24.20, GPU: 1 x {1000}m ()>
13; <CPU:  64.00, GPU: 8 x {1000}m ()>
13; <CPU:   8.20, GPU: 1 x {1000}m ()>
13; <CPU:  32.20, GPU: 4 x {1000}m ()>
12; <CPU: 120.00, GPU: 8 x {1000}m ()>
12; <CPU:  16.20, GPU: 2 x {1000}m ()>
12; <CPU:  11.90, GPU: 1 x {1000}m ()>
 8; <CPU:  32.00, GPU: 4 x {1000}m ()>
 8; <CPU:  16.40, GPU: 1 x {1000}m ()>
 8; <CPU:  15.20, GPU: 1 x {1000}m ()>
 8; <CPU:  30.20, GPU: 2 x {1000}m ()>
 6; <CPU: 120.20, GPU: 8 x {1000}m ()>
 5; <CPU:   4.15, GPU: 1 x {810 }m ()>
 4; <CPU:   8.00, GPU: 1 x {650 }m ()>
 4; <CPU:   6.00, GPU: 2 x {1000}m ()>
 3; <CPU:  60.20, GPU: 4 x {1000}m ()>
 3; <CPU:  17.40, GPU: 2 x {1000}m ()>
 3; <CPU:  15.40, GPU: 1 x {1000}m ()>
 3; <CPU:   6.00, GPU: 1 x {1000}m ()>
 2; <CPU:   6.00, GPU: 1 x {460 }m ()>
 1; <CPU:  15.90, GPU: 1 x {1000}m ()>
 1; <CPU:  14.90, GPU: 1 x {1000}m ()>
 1; <CPU:   8.00, GPU: 1 x {480 }m ()>
 1; <CPU:  11.80, GPU: 1 x {1000}m ()>
 1; <CPU:   7.00, GPU: 1 x {1000}m ()>
 1; <CPU:   9.40, GPU: 1 x {1000}m ()>
 1; <CPU:   4.15, GPU: 1 x {550 }m ()>
Failed No.: 1464
