
===
log-cc_owgpushare60_dr0.0_tn1.3_ts42_if1.0_md107d.yaml-sc_Random1000_deshare_gsrandom_mdf81a.yaml.log
1094; <CPU:   3.15, GPU: 1 x {810 }m ()>
351; <CPU:  11.91, GPU: 1 x {470 }m ()>
286; <CPU:   8.00, GPU: 1 x {470 }m ()>
258; <CPU:  11.30, GPU: 1 x {1000}m ()>
198; <CPU:  11.91, GPU: 1 x {650 }m ()>
193; <CPU:  11.40, GPU: 1 x {1000}m ()>
132; <CPU:   3.15, GPU: 1 x {1000}m ()>
119; <CPU:   4.00, GPU: 1 x {320 }m ()>
101; <CPU:   6.00, GPU: 1 x {460 }m ()>
98; <CPU:  12.00, GPU: 1 x {1000}m ()>
77; <CPU:   4.15, GPU: 1 x {550 }m ()>
74; <CPU:  18.71, GPU: 1 x {1000}m ()>
58; <CPU:   3.15, GPU: 1 x {590 }m ()>
55; <CPU:   9.81, GPU: 1 x {1000}m ()>
55; <CPU:   8.00, GPU: 1 x {1000}m ()>
49; <CPU:  11.91, GPU: 1 x {1000}m ()>
43; <CPU:  16.00, GPU: 1 x {1000}m ()>
41; <CPU:  15.70, GPU: 1 x {1000}m ()>
38; <CPU:  14.20, GPU: 1 x {1000}m ()>
38; <CPU:   4.15, GPU: 1 x {810 }m ()>
37; <CPU:   4.00, GPU: 1 x {1000}m ()>
30; <CPU:   8.00, GPU: 1 x {320 }m ()>
23; <CPU:   4.15, GPU: 1 x {370 }m ()>
18; <CPU:   4.00, GPU: 1 x {230 }m ()>
17; <CPU:  11.90, GPU: 1 x {1000}m ()>
15; <CPU:   8.20, GPU: 1 x {1000}m ()>
13; <CPU:  16.40, GPU: 1 x {1000}m ()>
12; <CPU:  64.20, GPU: 8 x {1000}m ()>
12; <CPU:  24.20, GPU: 1 x {1000}m ()>
10; <CPU:  88.00, GPU: 8 x {1000}m ()>
 8; <CPU:   8.00, GPU: 1 x {650 }m ()>
 5; <CPU:  14.90, GPU: 1 x {1000}m ()>
 5; <CPU:   4.00, GPU: 1 x {480 }m ()>
 4; <CPU:  15.20, GPU: 1 x {1000}m ()>
 4; <CPU:  16.20, GPU: 2 x {1000}m ()>
 4; <CPU:   6.00, GPU: 1 x {1000}m ()>
 4; <CPU:   7.00, GPU: 1 x {1000}m ()>
 4; <CPU:  12.00, GPU: 1 x {460 }m ()>
 4; <CPU:   4.00, GPU: 1 x {330 }m ()>
 3; <CPU:   4.00, GPU: 1 x {650 }m ()>
 3; <CPU:   8.00, GPU: 1 x {460 }m ()>
 3; <CPU:   4.00, GPU: 1 x {350 }m ()>
 2; <CPU:  60.20, GPU: 4 x {1000}m ()>
 1; <CPU:  15.40, GPU: 1 x {1000}m ()>
 1; <CPU:  17.40, GPU: 2 x {1000}m ()>
 1; <CPU:  30.20, GPU: 2 x {1000}m ()>
 1; <CPU:  32.20, GPU: 4 x {1000}m ()>
 1; <CPU:   9.40, GPU: 1 x {1000}m ()>
 1; <CPU:   8.00, GPU: 1 x {230 }m ()>
Failed No.: 3604
