
===
log-cc_owcpu050_dr0.0_tn1.3_ts43_if1.0_md043e.yaml-sc_FGD1000_deshare_gsFGDScore_mdaf9c.yaml.log
362; <CPU:   3.15, GPU: 1 x {810 }m ()>
300; <CPU:  11.30, GPU: 1 x {1000}m ()>
182; <CPU:   3.15, GPU: 1 x {1000}m ()>
177; <CPU:  11.40, GPU: 1 x {1000}m ()>
125; <CPU:   8.00, GPU: 1 x {470 }m ()>
123; <CPU:  11.91, GPU: 1 x {470 }m ()>
117; <CPU:  12.00, GPU: 1 x {1000}m ()>
86; <CPU:  11.91, GPU: 1 x {650 }m ()>
81; <CPU:  18.71, GPU: 1 x {1000}m ()>
79; <CPU:   4.00, GPU: 1 x {320 }m ()>
77; <CPU:   8.00, GPU: 1 x {1000}m ()>
67; <CPU:   9.81, GPU: 1 x {1000}m ()>
63; <CPU:  11.91, GPU: 1 x {1000}m ()>
53; <CPU:  16.00, GPU: 1 x {1000}m ()>
49; <CPU:   4.00, GPU: 1 x {1000}m ()>
49; <CPU:  15.70, GPU: 1 x {1000}m ()>
48; <CPU:   4.00, GPU: 1 x {230 }m ()>
38; <CPU:   6.00, GPU: 1 x {460 }m ()>
37; <CPU:  14.20, GPU: 1 x {1000}m ()>
32; <CPU:   4.15, GPU: 1 x {550 }m ()>
29; <CPU:  24.20, GPU: 1 x {1000}m ()>
26; <CPU:  11.90, GPU: 1 x {1000}m ()>
24; <CPU:   8.00, GPU: 1 x {320 }m ()>
19; <CPU:   3.15, GPU: 1 x {590 }m ()>
14; <CPU:   8.20, GPU: 1 x {1000}m ()>
14; <CPU:   4.15, GPU: 1 x {810 }m ()>
11; <CPU:  15.20, GPU: 1 x {1000}m ()>
11; <CPU:   4.15, GPU: 1 x {370 }m ()>
10; <CPU:  64.20, GPU: 8 x {1000}m ()>
10; <CPU:   4.00, GPU: 1 x {220 }m ()>
 8; <CPU:   7.00, GPU: 1 x {1000}m ()>
 8; <CPU:  88.00, GPU: 8 x {1000}m ()>
 7; <CPU:  32.20, GPU: 4 x {1000}m ()>
 7; <CPU:   8.00, GPU: 1 x {230 }m ()>
 7; <CPU:   8.00, GPU: 1 x {220 }m ()>
 7; <CPU:  16.40, GPU: 1 x {1000}m ()>
 4; <CPU:  15.40, GPU: 1 x {1000}m ()>
 4; <CPU:   4.00, GPU: 1 x {480 }m ()>
 4; <CPU:  14.90, GPU: 1 x {1000}m ()>
 4; <CPU:   8.00, GPU: 1 x {650 }m ()>
 3; <CPU:   6.00, GPU: 1 x {1000}m ()>
 3; <CPU:  16.20, GPU: 2 x {1000}m ()>
 2; <CPU:  12.00, GPU: 1 x {460 }m ()>
 2; <CPU:   4.00, GPU: 1 x {350 }m ()>
 2; <CPU:  64.00, GPU: 8 x {1000}m ()>
 2; <CPU: 120.20, GPU: 8 x {1000}m ()>
 2; <CPU:   4.15, GPU: 1 x {270 }m ()>
 2; <CPU:   4.00, GPU: 1 x {330 }m ()>
 1; <CPU:  30.20, GPU: 2 x {1000}m ()>
 1; <CPU:  32.00, GPU: 4 x {1000}m ()>
 1; <CPU: 120.00, GPU: 8 x {1000}m ()>
 1; <CPU:   4.00, GPU: 1 x {650 }m ()>
 1; <CPU:   6.00, GPU: 2 x {1000}m ()>
 1; <CPU:   9.40, GPU: 1 x {1000}m ()>
Failed No.: 2397
