
===
log-cc_owmultigpu20_dr0.0_tn1.3_ts42_if1.0_md5720.yaml-sc_Random1000_deshare_gsrandom_mdf81a.yaml.log
319; <CPU:   3.15, GPU: 1 x {810 }m ()>
295; <CPU:  11.30, GPU: 1 x {1000}m ()>
199; <CPU:  11.40, GPU: 1 x {1000}m ()>
123; <CPU:   3.15, GPU: 1 x {1000}m ()>
112; <CPU:  12.00, GPU: 1 x {1000}m ()>
89; <CPU:  18.71, GPU: 1 x {1000}m ()>
68; <CPU:  11.91, GPU: 1 x {650 }m ()>
60; <CPU:   9.81, GPU: 1 x {1000}m ()>
57; <CPU:  11.91, GPU: 1 x {470 }m ()>
56; <CPU:   8.00, GPU: 1 x {1000}m ()>
54; <CPU:   8.00, GPU: 1 x {470 }m ()>
50; <CPU:  15.70, GPU: 1 x {1000}m ()>
50; <CPU:  16.00, GPU: 1 x {1000}m ()>
48; <CPU:  88.00, GPU: 8 x {1000}m ()>
47; <CPU:  64.20, GPU: 8 x {1000}m ()>
45; <CPU:   4.00, GPU: 1 x {1000}m ()>
44; <CPU:  11.91, GPU: 1 x {1000}m ()>
32; <CPU:  24.20, GPU: 1 x {1000}m ()>
30; <CPU:  14.20, GPU: 1 x {1000}m ()>
16; <CPU:  11.90, GPU: 1 x {1000}m ()>
12; <CPU:  16.40, GPU: 1 x {1000}m ()>
10; <CPU:  32.20, GPU: 4 x {1000}m ()>
10; <CPU:  16.20, GPU: 2 x {1000}m ()>
10; <CPU:   8.20, GPU: 1 x {1000}m ()>
 9; <CPU:  15.20, GPU: 1 x {1000}m ()>
 8; <CPU:  64.00, GPU: 8 x {1000}m ()>
 7; <CPU:   4.15, GPU: 1 x {550 }m ()>
 5; <CPU: 120.20, GPU: 8 x {1000}m ()>
 5; <CPU:  30.20, GPU: 2 x {1000}m ()>
 5; <CPU:   4.15, GPU: 1 x {810 }m ()>
 5; <CPU:   6.00, GPU: 1 x {460 }m ()>
 4; <CPU: 120.00, GPU: 8 x {1000}m ()>
 4; <CPU:  15.40, GPU: 1 x {1000}m ()>
 2; <CPU:   7.00, GPU: 1 x {1000}m ()>
 2; <CPU:  60.20, GPU: 4 x {1000}m ()>
 2; <CPU:   6.00, GPU: 1 x {1000}m ()>
 2; <CPU:   8.00, GPU: 1 x {650 }m ()>
 2; <CPU:  12.00, GPU: 1 x {460 }m ()>
 2; <CPU:   3.15, GPU: 1 x {590 }m ()>
 1; <CPU:  11.80, GPU: 1 x {1000}m ()>
 1; <CPU:  17.40, GPU: 2 x {1000}m ()>
 1; <CPU:  14.90, GPU: 1 x {1000}m ()>
 1; <CPU:  32.00, GPU: 4 x {1000}m ()>
 1; <CPU:   8.71, GPU: 1 x {1000}m ()>
 1; <CPU:   8.00, GPU: 1 x {460 }m ()>
 1; <CPU:   9.40, GPU: 1 x {1000}m ()>
Failed No.: 1907
