
===
log-cc_owdefault_dr0.0_tn1.3_ts42_if1.0_mdcfe3.yaml-sc_Random1000_deshare_gsrandom_md3c66.yaml.log
458; <CPU:   3.15, GPU: 1 x {810 }m ()>
405; <CPU:  11.30, GPU: 1 x {1000}m ()>
284; <CPU:  11.40, GPU: 1 x {1000}m ()>
206; <CPU:   3.15, GPU: 1 x {1000}m ()>
141; <CPU:  12.00, GPU: 1 x {1000}m ()>
124; <CPU:  18.71, GPU: 1 x {1000}m ()>
123; <CPU:  11.91, GPU: 1 x {470 }m ()>
114; <CPU:   8.00, GPU: 1 x {470 }m ()>
90; <CPU:   9.81, GPU: 1 x {1000}m ()>
87; <CPU:  11.91, GPU: 1 x {650 }m ()>
85; <CPU:  15.70, GPU: 1 x {1000}m ()>
75; <CPU:  11.91, GPU: 1 x {1000}m ()>
72; <CPU:   8.00, GPU: 1 x {1000}m ()>
70; <CPU:   4.00, GPU: 1 x {1000}m ()>
62; <CPU:  16.00, GPU: 1 x {1000}m ()>
45; <CPU:  14.20, GPU: 1 x {1000}m ()>
41; <CPU:  24.20, GPU: 1 x {1000}m ()>
29; <CPU:   6.00, GPU: 1 x {460 }m ()>
25; <CPU:   4.00, GPU: 1 x {320 }m ()>
23; <CPU:  11.90, GPU: 1 x {1000}m ()>
17; <CPU:  15.20, GPU: 1 x {1000}m ()>
15; <CPU:   4.15, GPU: 1 x {810 }m ()>
14; <CPU:  88.00, GPU: 8 x {1000}m ()>
14; <CPU:  16.40, GPU: 1 x {1000}m ()>
14; <CPU:   4.15, GPU: 1 x {550 }m ()>
13; <CPU:   8.20, GPU: 1 x {1000}m ()>
12; <CPU:  64.20, GPU: 8 x {1000}m ()>
 8; <CPU:   8.00, GPU: 1 x {650 }m ()>
 8; <CPU:   8.00, GPU: 1 x {320 }m ()>
 6; <CPU:  14.90, GPU: 1 x {1000}m ()>
 5; <CPU:   4.15, GPU: 1 x {370 }m ()>
 4; <CPU:   9.40, GPU: 1 x {1000}m ()>
 3; <CPU:   6.00, GPU: 1 x {1000}m ()>
 2; <CPU: 120.00, GPU: 8 x {1000}m ()>
 2; <CPU:  16.20, GPU: 2 x {1000}m ()>
 2; <CPU:  15.40, GPU: 1 x {1000}m ()>
 2; <CPU:  17.40, GPU: 2 x {1000}m ()>
 2; <CPU:   6.00, GPU: 2 x {1000}m ()>
 2; <CPU:  60.20, GPU: 4 x {1000}m ()>
 2; <CPU:  12.00, GPU: 1 x {460 }m ()>
 2; <CPU:  32.20, GPU: 4 x {1000}m ()>
 2; <CPU:  32.00, GPU: 4 x {1000}m ()>
 2; <CPU:   3.15, GPU: 1 x {590 }m ()>
 1; <CPU:  15.90, GPU: 1 x {1000}m ()>
 1; <CPU:   7.00, GPU: 1 x {1000}m ()>
 1; <CPU:   4.00, GPU: 1 x {650 }m ()>
 1; <CPU:   8.00, GPU: 1 x {480 }m ()>
 1; <CPU:   8.00, GPU: 1 x {440 }m ()>
 1; <CPU:   4.00, GPU: 1 x {350 }m ()>
Failed No.: 2718
