
===
log-cc_owdefault_dr0.0_tn1.3_ts43_if1.0_mdf864.yaml-sc_Random1000_deshare_gsrandom_md3c66.yaml.log
434; <CPU:   3.15, GPU: 1 x {810 }m ()>
399; <CPU:  11.30, GPU: 1 x {1000}m ()>
298; <CPU:  11.40, GPU: 1 x {1000}m ()>
201; <CPU:   3.15, GPU: 1 x {1000}m ()>
157; <CPU:   8.00, GPU: 1 x {470 }m ()>
130; <CPU:  12.00, GPU: 1 x {1000}m ()>
126; <CPU:  18.71, GPU: 1 x {1000}m ()>
114; <CPU:  11.91, GPU: 1 x {470 }m ()>
83; <CPU:  11.91, GPU: 1 x {650 }m ()>
81; <CPU:  15.70, GPU: 1 x {1000}m ()>
80; <CPU:  16.00, GPU: 1 x {1000}m ()>
75; <CPU:   9.81, GPU: 1 x {1000}m ()>
75; <CPU:   4.00, GPU: 1 x {1000}m ()>
70; <CPU:   8.00, GPU: 1 x {1000}m ()>
56; <CPU:  11.91, GPU: 1 x {1000}m ()>
38; <CPU:  14.20, GPU: 1 x {1000}m ()>
35; <CPU:  24.20, GPU: 1 x {1000}m ()>
25; <CPU:   6.00, GPU: 1 x {460 }m ()>
22; <CPU:  11.90, GPU: 1 x {1000}m ()>
20; <CPU:   4.00, GPU: 1 x {320 }m ()>
19; <CPU:  64.20, GPU: 8 x {1000}m ()>
19; <CPU:   4.15, GPU: 1 x {550 }m ()>
18; <CPU:   8.20, GPU: 1 x {1000}m ()>
18; <CPU:   4.15, GPU: 1 x {810 }m ()>
17; <CPU:  15.20, GPU: 1 x {1000}m ()>
12; <CPU:  88.00, GPU: 8 x {1000}m ()>
 9; <CPU:   3.15, GPU: 1 x {590 }m ()>
 8; <CPU:  16.40, GPU: 1 x {1000}m ()>
 7; <CPU:   8.00, GPU: 1 x {320 }m ()>
 6; <CPU:   8.00, GPU: 1 x {650 }m ()>
 5; <CPU: 120.20, GPU: 8 x {1000}m ()>
 4; <CPU:   7.00, GPU: 1 x {1000}m ()>
 4; <CPU:   6.00, GPU: 1 x {1000}m ()>
 3; <CPU:  14.90, GPU: 1 x {1000}m ()>
 3; <CPU:  12.00, GPU: 1 x {460 }m ()>
 3; <CPU:   4.15, GPU: 1 x {370 }m ()>
 2; <CPU: 120.00, GPU: 8 x {1000}m ()>
 2; <CPU:  64.00, GPU: 8 x {1000}m ()>
 2; <CPU:  30.20, GPU: 2 x {1000}m ()>
 2; <CPU:  15.40, GPU: 1 x {1000}m ()>
 2; <CPU:  60.20, GPU: 4 x {1000}m ()>
 2; <CPU:   4.00, GPU: 1 x {480 }m ()>
 2; <CPU:   4.00, GPU: 1 x {230 }m ()>
 1; <CPU:  15.90, GPU: 1 x {1000}m ()>
 1; <CPU:  16.20, GPU: 2 x {1000}m ()>
 1; <CPU:   8.00, GPU: 1 x {480 }m ()>
 1; <CPU:   8.00, GPU: 1 x {460 }m ()>
 1; <CPU:  32.20, GPU: 4 x {1000}m ()>
 1; <CPU:   4.00, GPU: 1 x {350 }m ()>
 1; <CPU:  32.00, GPU: 4 x {1000}m ()>
 1; <CPU:   4.15, GPU: 1 x {270 }m ()>
 1; <CPU:   9.40, GPU: 1 x {1000}m ()>
Failed No.: 2697
