
===
log-cc_owcpu050_dr0.0_tn1.3_ts43_if1.0_md89ec.yaml-sc_Random1000_deshare_gsrandom_md3c66.yaml.log
421; <CPU:   3.15, GPU: 1 x {810 }m ()>
361; <CPU:  11.30, GPU: 1 x {1000}m ()>
222; <CPU:  11.40, GPU: 1 x {1000}m ()>
204; <CPU:   3.15, GPU: 1 x {1000}m ()>
147; <CPU:  12.00, GPU: 1 x {1000}m ()>
97; <CPU:  18.71, GPU: 1 x {1000}m ()>
83; <CPU:   8.00, GPU: 1 x {1000}m ()>
83; <CPU:   8.00, GPU: 1 x {470 }m ()>
77; <CPU:  11.91, GPU: 1 x {470 }m ()>
73; <CPU:   9.81, GPU: 1 x {1000}m ()>
73; <CPU:  11.91, GPU: 1 x {650 }m ()>
72; <CPU:  11.91, GPU: 1 x {1000}m ()>
60; <CPU:   4.00, GPU: 1 x {1000}m ()>
59; <CPU:  16.00, GPU: 1 x {1000}m ()>
57; <CPU:  15.70, GPU: 1 x {1000}m ()>
46; <CPU:  14.20, GPU: 1 x {1000}m ()>
33; <CPU:  24.20, GPU: 1 x {1000}m ()>
27; <CPU:  11.90, GPU: 1 x {1000}m ()>
17; <CPU:   4.15, GPU: 1 x {550 }m ()>
15; <CPU:  64.20, GPU: 8 x {1000}m ()>
14; <CPU:   8.20, GPU: 1 x {1000}m ()>
14; <CPU:   4.15, GPU: 1 x {810 }m ()>
13; <CPU:  88.00, GPU: 8 x {1000}m ()>
13; <CPU:   6.00, GPU: 1 x {460 }m ()>
12; <CPU:  15.20, GPU: 1 x {1000}m ()>
 9; <CPU:  16.40, GPU: 1 x {1000}m ()>
 9; <CPU:   7.00, GPU: 1 x {1000}m ()>
 7; <CPU:  32.20, GPU: 4 x {1000}m ()>
 5; <CPU:  15.40, GPU: 1 x {1000}m ()>
 4; <CPU:  64.00, GPU: 8 x {1000}m ()>
 4; <CPU: 120.00, GPU: 8 x {1000}m ()>
 4; <CPU:  14.90, GPU: 1 x {1000}m ()>
 3; <CPU: 120.20, GPU: 8 x {1000}m ()>
 3; <CPU:   6.00, GPU: 1 x {1000}m ()>
 3; <CPU:  16.20, GPU: 2 x {1000}m ()>
 3; <CPU:   8.00, GPU: 1 x {650 }m ()>
 2; <CPU:   3.15, GPU: 1 x {590 }m ()>
 1; <CPU:  30.20, GPU: 2 x {1000}m ()>
 1; <CPU:  32.00, GPU: 4 x {1000}m ()>
 1; <CPU:   6.00, GPU: 2 x {1000}m ()>
 1; <CPU:   9.40, GPU: 1 x {1000}m ()>
Failed No.: 2353
